<?xml version="1.0" encoding="UTF-8"?>
<!-- Generated by org.testng.reporters.JUnitReportReporter -->
<testsuite hostname="DESKTOP-FLPJVKD" failures="0" tests="1" name="MMTTestRun.MMT_RunnerTest" time="0.013" errors="0" timestamp="2021-05-24T01:43:46 IST" skipped="0">
  <testcase classname="MMTTestRun.MMT_RunnerTest" name="f" time="0.013"/>
  <system-out/>
</testsuite> <!-- MMTTestRun.MMT_RunnerTest -->
