<?xml version="1.0" encoding="UTF-8"?>
<!-- Generated by org.testng.reporters.JUnitReportReporter -->
<testsuite skipped="0" hostname="DESKTOP-FLPJVKD" name="MMTTestRun.MMT_Runner" tests="1" failures="0" timestamp="2021-05-26T08:39:33 IST" time="31.690" errors="0">
  <testcase name="runScenario" time="31.690" classname="MMTTestRun.MMT_Runner"/>
  <system-out/>
</testsuite> <!-- MMTTestRun.MMT_Runner -->
